2025-04-10 11:26:36 - Iniciando carga de canal a Mirth Connect
2025-04-10 11:26:36 - [1] Haciendo login en Mirth Connect...
Note: Unnecessary use of -X or --request, POST is already inferred.
  % Total    % Received % Xferd  Average Speed   Time    Time     Time  Current
                                 Dload  Upload   Total   Spent    Left  Speed
  0     0    0     0    0     0      0      0 --:--:-- --:--:-- --:--:--     0*   Trying 192.168.1.98:8443...
* Connected to 192.168.1.98 (192.168.1.98) port 8443 (#0)
* ALPN: offers h2,http/1.1
} [5 bytes data]
* TLSv1.3 (OUT), TLS handshake, Client hello (1):
} [512 bytes data]
* TLSv1.3 (IN), TLS handshake, Server hello (2):
{ [122 bytes data]
* TLSv1.3 (IN), TLS handshake, Encrypted Extensions (8):
{ [32 bytes data]
* TLSv1.3 (IN), TLS handshake, Certificate (11):
{ [1822 bytes data]
* TLSv1.3 (IN), TLS handshake, CERT verify (15):
{ [264 bytes data]
* TLSv1.3 (IN), TLS handshake, Finished (20):
{ [36 bytes data]
* TLSv1.3 (OUT), TLS change cipher, Change cipher spec (1):
} [1 bytes data]
* TLSv1.3 (OUT), TLS handshake, Finished (20):
} [36 bytes data]
* SSL connection using TLSv1.3 / TLS_CHACHA20_POLY1305_SHA256
* ALPN: server did not agree on a protocol. Uses default.
* Server certificate:
*  subject: CN=mirth-connect
*  start date: Apr 10 11:29:34 2025 GMT
*  expire date: Apr 10 11:29:34 2075 GMT
*  issuer: CN=Mirth Connect Certificate Authority
*  SSL certificate verify result: unable to get local issuer certificate (20), continuing anyway.
* using HTTP/1.x
} [5 bytes data]
> POST /api/users/_login HTTP/1.1
> Host: 192.168.1.98:8443
> User-Agent: curl/7.88.1
> Accept: */*
> Content-Type: application/x-www-form-urlencoded
> X-Requested-With: OpenAPI
> Content-Length: 29
> 
} [29 bytes data]
* TLSv1.3 (IN), TLS handshake, Newsession Ticket (4):
{ [2069 bytes data]
< HTTP/1.1 200 OK
< Date: Thu, 10 Apr 2025 15:26:36 GMT
< Access-Control-Allow-Origin: *
< Access-Control-Allow-Credentials: false
< Access-Control-Allow-Methods: GET, POST, DELETE, PUT
< Access-Control-Allow-Headers: Content-Type
< Content-Security-Policy: frame-ancestors 'none'
< X-Frame-Options: DENY
< X-Content-Type-Options: nosniff
< Strict-Transport-Security: max-age=31536000; includeSubDomains
* Added cookie JSESSIONID="node05mwy09ioau841ninrq1t2ae7x22.node0" for domain 192.168.1.98, path /api, expire 0
< Set-Cookie: JSESSIONID=node05mwy09ioau841ninrq1t2ae7x22.node0; Path=/api; Secure
< Expires: Thu, 01 Jan 1970 00:00:00 GMT
< Content-Type: application/xml
< Content-Length: 125
< 
{ [125 bytes data]
100   154  100   125  100    29    249     57 --:--:-- --:--:-- --:--:--   308
* Connection #0 to host 192.168.1.98 left intact
<com.mirth.connect.model.LoginStatus>
  <status>SUCCESS</status>
  <message></message>
</com.mirth.connect.model.LoginStatus>
2025-04-10 11:26:37 - [2] Autenticación exitosa. Cookie obtenida.
2025-04-10 11:26:37 - ❌ Error: El archivo XML del canal no es válido
2025-04-10 11:33:59 - Iniciando carga de canal a Mirth Connect
2025-04-10 11:33:59 - [1] Haciendo login en Mirth Connect...
Note: Unnecessary use of -X or --request, POST is already inferred.
  % Total    % Received % Xferd  Average Speed   Time    Time     Time  Current
                                 Dload  Upload   Total   Spent    Left  Speed
  0     0    0     0    0     0      0      0 --:--:-- --:--:-- --:--:--     0*   Trying 192.168.1.98:8443...
* Connected to 192.168.1.98 (192.168.1.98) port 8443 (#0)
* ALPN: offers h2,http/1.1
} [5 bytes data]
* TLSv1.3 (OUT), TLS handshake, Client hello (1):
} [512 bytes data]
* TLSv1.3 (IN), TLS handshake, Server hello (2):
{ [122 bytes data]
* TLSv1.3 (IN), TLS handshake, Encrypted Extensions (8):
{ [32 bytes data]
* TLSv1.3 (IN), TLS handshake, Certificate (11):
{ [1822 bytes data]
* TLSv1.3 (IN), TLS handshake, CERT verify (15):
{ [264 bytes data]
* TLSv1.3 (IN), TLS handshake, Finished (20):
{ [36 bytes data]
* TLSv1.3 (OUT), TLS change cipher, Change cipher spec (1):
} [1 bytes data]
* TLSv1.3 (OUT), TLS handshake, Finished (20):
} [36 bytes data]
* SSL connection using TLSv1.3 / TLS_CHACHA20_POLY1305_SHA256
* ALPN: server did not agree on a protocol. Uses default.
* Server certificate:
*  subject: CN=mirth-connect
*  start date: Apr 10 11:29:34 2025 GMT
*  expire date: Apr 10 11:29:34 2075 GMT
*  issuer: CN=Mirth Connect Certificate Authority
*  SSL certificate verify result: unable to get local issuer certificate (20), continuing anyway.
* using HTTP/1.x
} [5 bytes data]
> POST /api/users/_login HTTP/1.1
> Host: 192.168.1.98:8443
> User-Agent: curl/7.88.1
> Accept: */*
> Content-Type: application/x-www-form-urlencoded
> X-Requested-With: OpenAPI
> Content-Length: 29
> 
} [29 bytes data]
* TLSv1.3 (IN), TLS handshake, Newsession Ticket (4):
{ [2069 bytes data]
100    29    0     0  100    29      0    144 --:--:-- --:--:-- --:--:--   144< HTTP/1.1 200 OK
< Date: Thu, 10 Apr 2025 15:33:59 GMT
< Access-Control-Allow-Origin: *
< Access-Control-Allow-Credentials: false
< Access-Control-Allow-Methods: GET, POST, DELETE, PUT
< Access-Control-Allow-Headers: Content-Type
< Content-Security-Policy: frame-ancestors 'none'
< X-Frame-Options: DENY
< X-Content-Type-Options: nosniff
< Strict-Transport-Security: max-age=31536000; includeSubDomains
* Added cookie JSESSIONID="node0g8r3ctzs16wr7drm3y96r3g423.node0" for domain 192.168.1.98, path /api, expire 0
< Set-Cookie: JSESSIONID=node0g8r3ctzs16wr7drm3y96r3g423.node0; Path=/api; Secure
< Expires: Thu, 01 Jan 1970 00:00:00 GMT
< Content-Type: application/xml
< Content-Length: 125
< 
{ [125 bytes data]
100   154  100   125  100    29    250     58 --:--:-- --:--:-- --:--:--   308
* Connection #0 to host 192.168.1.98 left intact
<com.mirth.connect.model.LoginStatus>
  <status>SUCCESS</status>
  <message></message>
</com.mirth.connect.model.LoginStatus>
2025-04-10 11:34:00 - [2] Autenticación exitosa. Cookie obtenida.
2025-04-10 11:34:00 - ❌ Error: El archivo XML del canal no es válido
2025-04-10 11:34:21 - Iniciando carga de canal a Mirth Connect
2025-04-10 11:34:21 - [1] Haciendo login en Mirth Connect...
Note: Unnecessary use of -X or --request, POST is already inferred.
  % Total    % Received % Xferd  Average Speed   Time    Time     Time  Current
                                 Dload  Upload   Total   Spent    Left  Speed
  0     0    0     0    0     0      0      0 --:--:-- --:--:-- --:--:--     0*   Trying 192.168.1.98:8443...
* Connected to 192.168.1.98 (192.168.1.98) port 8443 (#0)
* ALPN: offers h2,http/1.1
} [5 bytes data]
* TLSv1.3 (OUT), TLS handshake, Client hello (1):
} [512 bytes data]
* TLSv1.3 (IN), TLS handshake, Server hello (2):
{ [122 bytes data]
* TLSv1.3 (IN), TLS handshake, Encrypted Extensions (8):
{ [32 bytes data]
* TLSv1.3 (IN), TLS handshake, Certificate (11):
{ [1822 bytes data]
* TLSv1.3 (IN), TLS handshake, CERT verify (15):
{ [264 bytes data]
* TLSv1.3 (IN), TLS handshake, Finished (20):
{ [36 bytes data]
* TLSv1.3 (OUT), TLS change cipher, Change cipher spec (1):
} [1 bytes data]
* TLSv1.3 (OUT), TLS handshake, Finished (20):
} [36 bytes data]
* SSL connection using TLSv1.3 / TLS_CHACHA20_POLY1305_SHA256
* ALPN: server did not agree on a protocol. Uses default.
* Server certificate:
*  subject: CN=mirth-connect
*  start date: Apr 10 11:29:34 2025 GMT
*  expire date: Apr 10 11:29:34 2075 GMT
*  issuer: CN=Mirth Connect Certificate Authority
*  SSL certificate verify result: unable to get local issuer certificate (20), continuing anyway.
* using HTTP/1.x
} [5 bytes data]
> POST /api/users/_login HTTP/1.1
> Host: 192.168.1.98:8443
> User-Agent: curl/7.88.1
> Accept: */*
> Content-Type: application/x-www-form-urlencoded
> X-Requested-With: OpenAPI
> Content-Length: 29
> 
} [29 bytes data]
* TLSv1.3 (IN), TLS handshake, Newsession Ticket (4):
{ [2069 bytes data]
< HTTP/1.1 200 OK
< Date: Thu, 10 Apr 2025 15:34:21 GMT
< Access-Control-Allow-Origin: *
< Access-Control-Allow-Credentials: false
< Access-Control-Allow-Methods: GET, POST, DELETE, PUT
< Access-Control-Allow-Headers: Content-Type
< Content-Security-Policy: frame-ancestors 'none'
< X-Frame-Options: DENY
< X-Content-Type-Options: nosniff
< Strict-Transport-Security: max-age=31536000; includeSubDomains
* Added cookie JSESSIONID="node0i4mcl0ozbmaul04fgosa1xyl24.node0" for domain 192.168.1.98, path /api, expire 0
< Set-Cookie: JSESSIONID=node0i4mcl0ozbmaul04fgosa1xyl24.node0; Path=/api; Secure
< Expires: Thu, 01 Jan 1970 00:00:00 GMT
< Content-Type: application/xml
< Content-Length: 125
< 
{ [125 bytes data]
100   154  100   125  100    29    249     57 --:--:-- --:--:-- --:--:--   307100   154  100   125  100    29    249     57 --:--:-- --:--:-- --:--:--   307
* Connection #0 to host 192.168.1.98 left intact
<com.mirth.connect.model.LoginStatus>
  <status>SUCCESS</status>
  <message></message>
</com.mirth.connect.model.LoginStatus>
2025-04-10 11:34:22 - [2] Autenticación exitosa. Cookie obtenida.
2025-04-10 11:34:22 - ❌ Error: El archivo XML del canal no es válido
2025-04-10 11:34:32 - Iniciando carga de canal a Mirth Connect
2025-04-10 11:34:32 - [1] Haciendo login en Mirth Connect...
Note: Unnecessary use of -X or --request, POST is already inferred.
  % Total    % Received % Xferd  Average Speed   Time    Time     Time  Current
                                 Dload  Upload   Total   Spent    Left  Speed
  0     0    0     0    0     0      0      0 --:--:-- --:--:-- --:--:--     0*   Trying 192.168.1.98:8443...
* Connected to 192.168.1.98 (192.168.1.98) port 8443 (#0)
* ALPN: offers h2,http/1.1
} [5 bytes data]
* TLSv1.3 (OUT), TLS handshake, Client hello (1):
} [512 bytes data]
* TLSv1.3 (IN), TLS handshake, Server hello (2):
{ [122 bytes data]
* TLSv1.3 (IN), TLS handshake, Encrypted Extensions (8):
{ [32 bytes data]
* TLSv1.3 (IN), TLS handshake, Certificate (11):
{ [1822 bytes data]
* TLSv1.3 (IN), TLS handshake, CERT verify (15):
{ [264 bytes data]
* TLSv1.3 (IN), TLS handshake, Finished (20):
{ [36 bytes data]
* TLSv1.3 (OUT), TLS change cipher, Change cipher spec (1):
} [1 bytes data]
* TLSv1.3 (OUT), TLS handshake, Finished (20):
} [36 bytes data]
* SSL connection using TLSv1.3 / TLS_CHACHA20_POLY1305_SHA256
* ALPN: server did not agree on a protocol. Uses default.
* Server certificate:
*  subject: CN=mirth-connect
*  start date: Apr 10 11:29:34 2025 GMT
*  expire date: Apr 10 11:29:34 2075 GMT
*  issuer: CN=Mirth Connect Certificate Authority
*  SSL certificate verify result: unable to get local issuer certificate (20), continuing anyway.
* using HTTP/1.x
} [5 bytes data]
> POST /api/users/_login HTTP/1.1
> Host: 192.168.1.98:8443
> User-Agent: curl/7.88.1
> Accept: */*
> Content-Type: application/x-www-form-urlencoded
> X-Requested-With: OpenAPI
> Content-Length: 29
> 
} [29 bytes data]
* TLSv1.3 (IN), TLS handshake, Newsession Ticket (4):
{ [2069 bytes data]
< HTTP/1.1 200 OK
< Date: Thu, 10 Apr 2025 15:34:32 GMT
< Access-Control-Allow-Origin: *
< Access-Control-Allow-Credentials: false
< Access-Control-Allow-Methods: GET, POST, DELETE, PUT
< Access-Control-Allow-Headers: Content-Type
< Content-Security-Policy: frame-ancestors 'none'
< X-Frame-Options: DENY
< X-Content-Type-Options: nosniff
< Strict-Transport-Security: max-age=31536000; includeSubDomains
* Added cookie JSESSIONID="node0spet21nuf479q3bvpr8kz5at25.node0" for domain 192.168.1.98, path /api, expire 0
< Set-Cookie: JSESSIONID=node0spet21nuf479q3bvpr8kz5at25.node0; Path=/api; Secure
< Expires: Thu, 01 Jan 1970 00:00:00 GMT
< Content-Type: application/xml
< Content-Length: 125
< 
{ [125 bytes data]
100   154  100   125  100    29    253     58 --:--:-- --:--:-- --:--:--   313
* Connection #0 to host 192.168.1.98 left intact
<com.mirth.connect.model.LoginStatus>
  <status>SUCCESS</status>
  <message></message>
</com.mirth.connect.model.LoginStatus>
2025-04-10 11:34:32 - [2] Autenticación exitosa. Cookie obtenida.
2025-04-10 11:34:32 - ❌ Error: El archivo XML del canal no es válido
2025-04-10 11:36:07 - Iniciando carga de canal a Mirth Connect
2025-04-10 11:36:07 - [1] Haciendo login en Mirth Connect...
Note: Unnecessary use of -X or --request, POST is already inferred.
  % Total    % Received % Xferd  Average Speed   Time    Time     Time  Current
                                 Dload  Upload   Total   Spent    Left  Speed
  0     0    0     0    0     0      0      0 --:--:-- --:--:-- --:--:--     0*   Trying 192.168.1.98:8443...
* Connected to 192.168.1.98 (192.168.1.98) port 8443 (#0)
* ALPN: offers h2,http/1.1
} [5 bytes data]
* TLSv1.3 (OUT), TLS handshake, Client hello (1):
} [512 bytes data]
* TLSv1.3 (IN), TLS handshake, Server hello (2):
{ [122 bytes data]
* TLSv1.3 (IN), TLS handshake, Encrypted Extensions (8):
{ [32 bytes data]
* TLSv1.3 (IN), TLS handshake, Certificate (11):
{ [1822 bytes data]
* TLSv1.3 (IN), TLS handshake, CERT verify (15):
{ [264 bytes data]
* TLSv1.3 (IN), TLS handshake, Finished (20):
{ [36 bytes data]
* TLSv1.3 (OUT), TLS change cipher, Change cipher spec (1):
} [1 bytes data]
* TLSv1.3 (OUT), TLS handshake, Finished (20):
} [36 bytes data]
* SSL connection using TLSv1.3 / TLS_CHACHA20_POLY1305_SHA256
* ALPN: server did not agree on a protocol. Uses default.
* Server certificate:
*  subject: CN=mirth-connect
*  start date: Apr 10 11:29:34 2025 GMT
*  expire date: Apr 10 11:29:34 2075 GMT
*  issuer: CN=Mirth Connect Certificate Authority
*  SSL certificate verify result: unable to get local issuer certificate (20), continuing anyway.
* using HTTP/1.x
} [5 bytes data]
> POST /api/users/_login HTTP/1.1
> Host: 192.168.1.98:8443
> User-Agent: curl/7.88.1
> Accept: */*
> Content-Type: application/x-www-form-urlencoded
> X-Requested-With: OpenAPI
> Content-Length: 29
> 
} [29 bytes data]
* TLSv1.3 (IN), TLS handshake, Newsession Ticket (4):
{ [2069 bytes data]
100    29    0     0  100    29      0    144 --:--:-- --:--:-- --:--:--   143< HTTP/1.1 200 OK
< Date: Thu, 10 Apr 2025 15:36:07 GMT
< Access-Control-Allow-Origin: *
< Access-Control-Allow-Credentials: false
< Access-Control-Allow-Methods: GET, POST, DELETE, PUT
< Access-Control-Allow-Headers: Content-Type
< Content-Security-Policy: frame-ancestors 'none'
< X-Frame-Options: DENY
< X-Content-Type-Options: nosniff
< Strict-Transport-Security: max-age=31536000; includeSubDomains
* Added cookie JSESSIONID="node0c58t6f2vwcsm59ye7vdlk6m926.node0" for domain 192.168.1.98, path /api, expire 0
< Set-Cookie: JSESSIONID=node0c58t6f2vwcsm59ye7vdlk6m926.node0; Path=/api; Secure
< Expires: Thu, 01 Jan 1970 00:00:00 GMT
< Content-Type: application/xml
< Content-Length: 125
< 
{ [125 bytes data]
100   154  100   125  100    29    224     51 --:--:-- --:--:-- --:--:--   275
* Connection #0 to host 192.168.1.98 left intact
<com.mirth.connect.model.LoginStatus>
  <status>SUCCESS</status>
  <message></message>
</com.mirth.connect.model.LoginStatus>
2025-04-10 11:36:08 - [2] Autenticación exitosa. Cookie obtenida.
2025-04-10 11:36:08 - ❌ Error: El archivo XML del canal no es válido
2025-04-10 11:36:38 - Iniciando carga de canal a NextGen Connect 4.5.2
2025-04-10 11:36:38 - ❌ Error: El archivo XML del canal no es válido
2025-04-10 12:01:16 - Iniciando carga de canal a NextGen Connect 4.5.2
2025-04-10 12:01:16 - ❌ Error: El archivo XML del canal no es válido
2025-04-10 12:06:50 - Iniciando carga de canal a NextGen Connect 4.5.2
2025-04-10 12:06:50 - ❌ Error: El archivo XML del canal no es válido
2025-04-10 12:07:11 - Iniciando carga de canal a NextGen Connect 4.5.2
2025-04-10 12:07:11 - ❌ Error: El archivo XML del canal no es válido
2025-04-10 12:08:01 - Iniciando carga de canal a NextGen Connect 4.5.2
2025-04-10 12:08:01 - ❌ Error: El archivo XML del canal no es válido
2025-04-10 12:08:27 - Iniciando carga de canal a NextGen Connect 4.5.2
2025-04-10 12:08:27 - ❌ Error: El archivo XML del canal no es válido
2025-04-10 12:09:23 - Iniciando carga de canal a NextGen Connect 4.5.2
2025-04-10 12:09:23 - ❌ Error: El archivo XML del canal no es válido
